irun(64): 15.20-s051: (c) Copyright 1995-2018 Cadence Design Systems, Inc.
TOOL:	irun(64)	15.20-s051: Started on Mar 07, 2019 at 13:44:56 IST
irun
	-access +rwc
	watchdog_sync.sv
	watchdog_timer.sv
	wd_tb.sv
DEFINE gpdk045		$ANALOG/45nm/gpdk045		
|
irun: *W,DLCPTH (/tools/cadence/FOUNDRY/cds.lib,15): cds.lib Permission denied '/tools/cadence/FOUNDRY/analog/45nm/gpdk045' (cds.lib command ignored).
DEFINE rfLib_new	/home/install/FOUNDRY/rfLib_new
|
irun: *W,DLCPTH (/tools/cadence/FOUNDRY/cds.lib,19): cds.lib Invalid path '/home/install/FOUNDRY/rfLib_new' (cds.lib command ignored).
DEFINE gpdk045		$ANALOG/45nm/gpdk045		
|
irun: *W,DLCPTH (/tools/cadence/FOUNDRY/cds.lib,15): cds.lib Permission denied '/tools/cadence/FOUNDRY/analog/45nm/gpdk045' (cds.lib command ignored).
DEFINE rfLib_new	/home/install/FOUNDRY/rfLib_new
|
irun: *W,DLCPTH (/tools/cadence/FOUNDRY/cds.lib,19): cds.lib Invalid path '/home/install/FOUNDRY/rfLib_new' (cds.lib command ignored).
DEFINE gpdk045		$ANALOG/45nm/gpdk045		
|
irun: *W,DLCPTH (/tools/cadence/FOUNDRY/cds.lib,15): cds.lib Permission denied '/tools/cadence/FOUNDRY/analog/45nm/gpdk045' (cds.lib command ignored).
DEFINE rfLib_new	/home/install/FOUNDRY/rfLib_new
|
irun: *W,DLCPTH (/tools/cadence/FOUNDRY/cds.lib,19): cds.lib Invalid path '/home/install/FOUNDRY/rfLib_new' (cds.lib command ignored).
DEFINE gpdk045		$ANALOG/45nm/gpdk045		
|
irun: *W,DLCPTH (/tools/cadence/FOUNDRY/cds.lib,15): cds.lib Permission denied '/tools/cadence/FOUNDRY/analog/45nm/gpdk045' (cds.lib command ignored).
DEFINE rfLib_new	/home/install/FOUNDRY/rfLib_new
|
irun: *W,DLCPTH (/tools/cadence/FOUNDRY/cds.lib,19): cds.lib Invalid path '/home/install/FOUNDRY/rfLib_new' (cds.lib command ignored).
DEFINE gpdk045		$ANALOG/45nm/gpdk045		
|
irun: *W,DLCPTH (/tools/cadence/FOUNDRY/cds.lib,15): cds.lib Permission denied '/tools/cadence/FOUNDRY/analog/45nm/gpdk045' (cds.lib command ignored).
DEFINE rfLib_new	/home/install/FOUNDRY/rfLib_new
|
irun: *W,DLCPTH (/tools/cadence/FOUNDRY/cds.lib,19): cds.lib Invalid path '/home/install/FOUNDRY/rfLib_new' (cds.lib command ignored).
Recompiling... reason: file './watchdog_sync.sv' is newer than expected.
	expected: Mon Mar  4 18:22:47 2019
	actual:   Thu Mar  7 13:38:45 2019
DEFINE gpdk045		$ANALOG/45nm/gpdk045		
|
irun: *W,DLCPTH (/tools/cadence/FOUNDRY/cds.lib,15): cds.lib Permission denied '/tools/cadence/FOUNDRY/analog/45nm/gpdk045' (cds.lib command ignored).
DEFINE rfLib_new	/home/install/FOUNDRY/rfLib_new
|
irun: *W,DLCPTH (/tools/cadence/FOUNDRY/cds.lib,19): cds.lib Invalid path '/home/install/FOUNDRY/rfLib_new' (cds.lib command ignored).
DEFINE gpdk045		$ANALOG/45nm/gpdk045		
|
ncvlog: *W,DLCPTH (/tools/cadence/FOUNDRY/cds.lib,15): cds.lib Permission denied '/tools/cadence/FOUNDRY/analog/45nm/gpdk045' (cds.lib command ignored).
DEFINE rfLib_new	/home/install/FOUNDRY/rfLib_new
|
ncvlog: *W,DLCPTH (/tools/cadence/FOUNDRY/cds.lib,19): cds.lib Invalid path '/home/install/FOUNDRY/rfLib_new' (cds.lib command ignored).
file: watchdog_timer.sv
	module worklib.watchdog_timer:sv
		errors: 0, warnings: 0
	Total errors/warnings found outside modules and primitives:
		errors: 0, warnings: 2
DEFINE gpdk045		$ANALOG/45nm/gpdk045		
|
irun: *W,DLCPTH (/tools/cadence/FOUNDRY/cds.lib,15): cds.lib Permission denied '/tools/cadence/FOUNDRY/analog/45nm/gpdk045' (cds.lib command ignored).
DEFINE rfLib_new	/home/install/FOUNDRY/rfLib_new
|
irun: *W,DLCPTH (/tools/cadence/FOUNDRY/cds.lib,19): cds.lib Invalid path '/home/install/FOUNDRY/rfLib_new' (cds.lib command ignored).
DEFINE gpdk045		$ANALOG/45nm/gpdk045		
|
irun: *W,DLCPTH (/tools/cadence/FOUNDRY/cds.lib,15): cds.lib Permission denied '/tools/cadence/FOUNDRY/analog/45nm/gpdk045' (cds.lib command ignored).
DEFINE rfLib_new	/home/install/FOUNDRY/rfLib_new
|
irun: *W,DLCPTH (/tools/cadence/FOUNDRY/cds.lib,19): cds.lib Invalid path '/home/install/FOUNDRY/rfLib_new' (cds.lib command ignored).
DEFINE gpdk045		$ANALOG/45nm/gpdk045		
|
ncelab: *W,DLCPTH (/tools/cadence/FOUNDRY/cds.lib,15): cds.lib Permission denied '/tools/cadence/FOUNDRY/analog/45nm/gpdk045' (cds.lib command ignored).
DEFINE rfLib_new	/home/install/FOUNDRY/rfLib_new
|
ncelab: *W,DLCPTH (/tools/cadence/FOUNDRY/cds.lib,19): cds.lib Invalid path '/home/install/FOUNDRY/rfLib_new' (cds.lib command ignored).
		Caching library 'worklib' ....... Done
	Elaborating the design hierarchy:
	Top level design units:
		tb_watchdog_timer
ncelab: *W,DSEMEL: This SystemVerilog design will be simulated as per IEEE 1800-2009 SystemVerilog simulation semantics. Use -disable_sem2009 option for turning off SV 2009 simulation semantics.
	Building instance overlay tables: .................... Done
	Generating native compiled code:
DEFINE gpdk045		$ANALOG/45nm/gpdk045		
|
ncvlog_cg: *W,DLCPTH (/tools/cadence/FOUNDRY/cds.lib,15): cds.lib Permission denied '/tools/cadence/FOUNDRY/analog/45nm/gpdk045' (cds.lib command ignored).
DEFINE rfLib_new	/home/install/FOUNDRY/rfLib_new
|
ncvlog_cg: *W,DLCPTH (/tools/cadence/FOUNDRY/cds.lib,19): cds.lib Invalid path '/home/install/FOUNDRY/rfLib_new' (cds.lib command ignored).
		worklib.tb_watchdog_timer:sv <0x5819eb10>
			streams:  26, words: 21212
		worklib.watchdog_sync:sv <0x2ea384c5>
			streams:  22, words: 13433
		worklib.watchdog_timer:sv <0x00cff433>
			streams:  67, words: 25823
	Building instance specific data structures.
	Loading native compiled code:     .................... Done
	Design hierarchy summary:
		               Instances  Unique
		Modules:               3       3
		Registers:           106     106
		Scalar wires:         56       -
		Vectored wires:       11       -
		Always blocks:        11      11
		Initial blocks:        4       4
		Cont. assignments:     9      11
		Pseudo assignments:   35      35
	Writing initial simulation snapshot: worklib.tb_watchdog_timer:sv
DEFINE gpdk045		$ANALOG/45nm/gpdk045		
|
ncsim: *W,DLCPTH (/tools/cadence/FOUNDRY/cds.lib,15): cds.lib Permission denied '/tools/cadence/FOUNDRY/analog/45nm/gpdk045' (cds.lib command ignored).
DEFINE rfLib_new	/home/install/FOUNDRY/rfLib_new
|
ncsim: *W,DLCPTH (/tools/cadence/FOUNDRY/cds.lib,19): cds.lib Invalid path '/home/install/FOUNDRY/rfLib_new' (cds.lib command ignored).
Loading snapshot worklib.tb_watchdog_timer:sv .................... Done
ncsim: *W,DSEM2009: This SystemVerilog design is simulated as per IEEE 1800-2009 SystemVerilog simulation semantics. Use -disable_sem2009 option for turning off SV 2009 simulation semantics.
ncsim> source /tools/cadence/INCISIVE152/tools/inca/files/ncsimrc
ncsim> run
[20] COUNT=0 TIMEOUT=0 RESET=0
[60] COUNT=0 TIMEOUT=0 RESET=0
[100] COUNT=0 TIMEOUT=0 RESET=0
[140] COUNT=0 TIMEOUT=0 RESET=0

==================================
TC15 : WDT Counter Read CDC
==================================
[180] COUNT=0 TIMEOUT=0 RESET=0
[220] COUNT=0 TIMEOUT=0 RESET=0
[260] COUNT=0 TIMEOUT=0 RESET=0
[300] COUNT=0 TIMEOUT=0 RESET=0
[340] COUNT=0 TIMEOUT=0 RESET=0
[380] COUNT=20 TIMEOUT=0 RESET=0
[420] COUNT=19 TIMEOUT=0 RESET=0
[460] COUNT=18 TIMEOUT=0 RESET=0
[500] COUNT=17 TIMEOUT=0 RESET=0
[540] COUNT=16 TIMEOUT=0 RESET=0
[580] COUNT=15 TIMEOUT=0 RESET=0
[620] COUNT=14 TIMEOUT=0 RESET=0
[660] COUNT=13 TIMEOUT=0 RESET=0
[700] COUNT=12 TIMEOUT=0 RESET=0
[740] COUNT=11 TIMEOUT=0 RESET=0
[780] COUNT=10 TIMEOUT=0 RESET=0
[820] COUNT=9 TIMEOUT=0 RESET=0
[860] COUNT=8 TIMEOUT=0 RESET=0
[900] COUNT=7 TIMEOUT=0 RESET=0
[940] COUNT=6 TIMEOUT=0 RESET=0
[980] COUNT=5 TIMEOUT=0 RESET=0
[1020] COUNT=4 TIMEOUT=0 RESET=0
[1060] COUNT=3 TIMEOUT=0 RESET=0
[1100] COUNT=2 TIMEOUT=0 RESET=0
[1140] COUNT=1 TIMEOUT=0 RESET=0
[1180] COUNT=0 TIMEOUT=0 RESET=0
[1220] COUNT=0 TIMEOUT=1 RESET=1
[1260] COUNT=0 TIMEOUT=0 RESET=1
[1300] COUNT=0 TIMEOUT=0 RESET=1
[1340] COUNT=0 TIMEOUT=0 RESET=1
[1380] COUNT=0 TIMEOUT=0 RESET=1
[1420] COUNT=0 TIMEOUT=0 RESET=1

completed all test cases
[1460] COUNT=0 TIMEOUT=0 RESET=1
[1500] COUNT=0 TIMEOUT=0 RESET=1
[1540] COUNT=0 TIMEOUT=0 RESET=1
Simulation complete via $finish(1) at time 1555 NS + 0
./wd_tb.sv:590     $finish;
ncsim> exit
TOOL:	irun(64)	15.20-s051: Exiting on Mar 07, 2019 at 13:44:57 IST  (total: 00:00:01)
